
<--- Last few GCs --->

[19088:000002279358F1D0] 130335131 ms: Scavenge 10.1 (11.3) -> 9.3 (11.3) MB, 0.7 / 0.0 ms  (average mu = 0.987, current mu = 0.987) task; 
[19088:000002279358F1D0] 130440651 ms: Scavenge 10.1 (11.3) -> 9.3 (11.3) MB, 0.8 / 0.0 ms  (average mu = 0.987, current mu = 0.987) task; 
[19088:000002279358F1D0] 130545743 ms: Scavenge 10.1 (11.3) -> 9.3 (11.3) MB, 0.7 / 0.0 ms  (average mu = 0.987, current mu = 0.987) task; 


<--- JS stacktrace --->

FATAL ERROR: Committing semi space failed. Allocation failed - JavaScript heap out of memory
 1: 00007FF7341BD84F 
 2: 00007FF734140DA6 
 3: 00007FF734142A40 
 4: 00007FF734BED604 
 5: 00007FF734BD8992 
 6: 00007FF734A5A87C 
 7: 00007FF734A64CDC 
 8: 00007FF734A57317 
 9: 00007FF7349FE725 
10: 00007FF7340D5413 
11: 00007FF7340D3DB6 
12: 00007FF734219BAB 
13: 00007FF7342196F2 
14: 00007FF7341EC3C2 
15: 00007FF7340F8DD8 
16: 00007FF73417D77E 
17: 00007FF73417F153 
18: 00007FF733F7C12C 
19: 00007FF735214B94 
20: 00007FFCBB5F7374 BaseThreadInitThunk+20
21: 00007FFCBD3FCC91 RtlUserThreadStart+33
